LOG:  database system was shut down at 2016-10-18 17:34:38 CST
LOG:  MultiXact member wraparound protections are now enabled
LOG:  autovacuum launcher started
LOG:  database system is ready to accept connections
LOG:  received fast shutdown request
LOG:  aborting any active transactions
LOG:  autovacuum launcher shutting down
LOG:  shutting down
LOG:  database system is shut down
LOG:  database system was shut down at 2016-10-18 17:36:33 CST
LOG:  MultiXact member wraparound protections are now enabled
LOG:  autovacuum launcher started
LOG:  database system is ready to accept connections
LOG:  received fast shutdown request
LOG:  aborting any active transactions
LOG:  autovacuum launcher shutting down
LOG:  shutting down
LOG:  database system is shut down
LOG:  database system was shut down at 2016-10-18 17:37:09 CST
FATAL:  the database system is starting up
LOG:  MultiXact member wraparound protections are now enabled
LOG:  autovacuum launcher started
LOG:  database system is ready to accept connections
LOG:  received fast shutdown request
LOG:  aborting any active transactions
LOG:  autovacuum launcher shutting down
LOG:  shutting down
LOG:  database system is shut down
LOG:  database system was shut down at 2016-10-18 18:03:57 CST
FATAL:  the database system is starting up
LOG:  MultiXact member wraparound protections are now enabled
LOG:  database system is ready to accept connections
LOG:  autovacuum launcher started
ERROR:  role "HLD" does not exist
STATEMENT:  GRANT leader TO "HLD" GRANTED BY "ComputerLover";
ERROR:  current transaction is aborted, commands ignored until end of transaction block
STATEMENT:  GRANT worker TO "operator" GRANTED BY "ComputerLover";
ERROR:  database "HLD" already exists
STATEMENT:  CREATE DATABASE "HLD" WITH ENCODING=UTF8;
ERROR:  role "HLD" does not exist
STATEMENT:  GRANT leader TO "HLD" GRANTED BY "ComputerLover";
ERROR:  current transaction is aborted, commands ignored until end of transaction block
STATEMENT:  GRANT worker TO "operator" GRANTED BY "ComputerLover";
LOG:  received fast shutdown request
LOG:  aborting any active transactions
LOG:  autovacuum launcher shutting down
LOG:  shutting down
LOG:  database system is shut down
LOG:  database system was shut down at 2016-10-18 18:06:39 CST
FATAL:  the database system is starting up
LOG:  MultiXact member wraparound protections are now enabled
LOG:  autovacuum launcher started
LOG:  database system is ready to accept connections
ERROR:  role "HLD" does not exist
STATEMENT:  GRANT leader TO "HLD" GRANTED BY "ComputerLover";
ERROR:  current transaction is aborted, commands ignored until end of transaction block
STATEMENT:  GRANT worker TO "operator" GRANTED BY "ComputerLover";
LOG:  received fast shutdown request
LOG:  aborting any active transactions
LOG:  autovacuum launcher shutting down
LOG:  shutting down
LOG:  database system is shut down
LOG:  received fast shutdown request
LOG:  database system was shut down at 2016-10-18 18:11:35 CST
LOG:  MultiXact member wraparound protections are now enabled
LOG:  shutting down
LOG:  database system is shut down
LOG:  database system was shut down at 2016-10-18 18:12:50 CST
FATAL:  the database system is starting up
LOG:  MultiXact member wraparound protections are now enabled
LOG:  autovacuum launcher started
LOG:  database system is ready to accept connections
LOG:  received fast shutdown request
LOG:  aborting any active transactions
LOG:  autovacuum launcher shutting down
LOG:  shutting down
LOG:  database system is shut down
LOG:  database system was shut down at 2016-10-18 18:14:44 CST
FATAL:  the database system is starting up
LOG:  MultiXact member wraparound protections are now enabled
LOG:  autovacuum launcher started
LOG:  database system is ready to accept connections
FATAL:  database "HLD" does not exist
FATAL:  role "operator" does not exist
LOG:  received fast shutdown request
LOG:  aborting any active transactions
LOG:  autovacuum launcher shutting down
LOG:  shutting down
LOG:  database system is shut down
LOG:  database system was shut down at 2016-10-18 18:17:57 CST
FATAL:  the database system is starting up
LOG:  MultiXact member wraparound protections are now enabled
LOG:  autovacuum launcher started
LOG:  database system is ready to accept connections
FATAL:  role "operator" does not exist
FATAL:  database "HLD" does not exist
LOG:  received fast shutdown request
LOG:  aborting any active transactions
LOG:  autovacuum launcher shutting down
LOG:  shutting down
LOG:  database system is shut down
LOG:  database system was shut down at 2016-10-18 18:20:36 CST
FATAL:  the database system is starting up
LOG:  MultiXact member wraparound protections are now enabled
LOG:  autovacuum launcher started
LOG:  database system is ready to accept connections
FATAL:  role "operator" does not exist
LOG:  received fast shutdown request
LOG:  aborting any active transactions
LOG:  autovacuum launcher shutting down
LOG:  shutting down
LOG:  database system is shut down
LOG:  database system was shut down at 2016-10-18 18:39:53 CST
LOG:  MultiXact member wraparound protections are now enabled
LOG:  autovacuum launcher started
LOG:  database system is ready to accept connections
FATAL:  no pg_hba.conf entry for host "127.0.0.1", user "postgres", database "postgres", SSL off
LOG:  received fast shutdown request
LOG:  aborting any active transactions
LOG:  autovacuum launcher shutting down
LOG:  shutting down
LOG:  database system is shut down
LOG:  database system was shut down at 2016-10-18 18:41:15 CST
FATAL:  the database system is starting up
LOG:  MultiXact member wraparound protections are now enabled
LOG:  autovacuum launcher started
LOG:  database system is ready to accept connections
FATAL:  database "HLD" does not exist
LOG:  received fast shutdown request
LOG:  aborting any active transactions
LOG:  autovacuum launcher shutting down
LOG:  shutting down
LOG:  database system is shut down
LOG:  database system was shut down at 2016-10-18 18:44:53 CST
LOG:  MultiXact member wraparound protections are now enabled
LOG:  autovacuum launcher started
LOG:  database system is ready to accept connections
LOG:  received fast shutdown request
LOG:  aborting any active transactions
LOG:  autovacuum launcher shutting down
LOG:  shutting down
LOG:  database system is shut down
LOG:  database system was shut down at 2016-10-18 19:07:58 CST
FATAL:  the database system is starting up
LOG:  MultiXact member wraparound protections are now enabled
LOG:  autovacuum launcher started
LOG:  database system is ready to accept connections
LOG:  received fast shutdown request
LOG:  aborting any active transactions
LOG:  autovacuum launcher shutting down
LOG:  shutting down
LOG:  database system is shut down
